Determining if the pthread_create exist failed with the following output:
Change Dir: /home/ddd/CLionProjects/untitled3/cmake-build-debug/CMakeFiles/CMakeTmp

Run Build Command:"/usr/bin/make" "cmTC_fc138/fast"
/usr/bin/make -f CMakeFiles/cmTC_fc138.dir/build.make CMakeFiles/cmTC_fc138.dir/build
make[1]: Entering directory '/home/ddd/CLionProjects/untitled3/cmake-build-debug/CMakeFiles/CMakeTmp'
Building C object CMakeFiles/cmTC_fc138.dir/CheckSymbolExists.c.o
/usr/bin/cc    -o CMakeFiles/cmTC_fc138.dir/CheckSymbolExists.c.o   -c /home/ddd/CLionProjects/untitled3/cmake-build-debug/CMakeFiles/CMakeTmp/CheckSymbolExists.c
Linking C executable cmTC_fc138
/home/ddd/clion/clion-2018.1.2/bin/cmake/bin/cmake -E cmake_link_script CMakeFiles/cmTC_fc138.dir/link.txt --verbose=1
/usr/bin/cc      CMakeFiles/cmTC_fc138.dir/CheckSymbolExists.c.o  -o cmTC_fc138 
CMakeFiles/cmTC_fc138.dir/CheckSymbolExists.c.o：在函数‘main’中：
CheckSymbolExists.c:(.text+0x1b)：对‘pthread_create’未定义的引用
collect2: error: ld returned 1 exit status
CMakeFiles/cmTC_fc138.dir/build.make:97: recipe for target 'cmTC_fc138' failed
make[1]: *** [cmTC_fc138] Error 1
make[1]: Leaving directory '/home/ddd/CLionProjects/untitled3/cmake-build-debug/CMakeFiles/CMakeTmp'
Makefile:126: recipe for target 'cmTC_fc138/fast' failed
make: *** [cmTC_fc138/fast] Error 2

File /home/ddd/CLionProjects/untitled3/cmake-build-debug/CMakeFiles/CMakeTmp/CheckSymbolExists.c:
/* */
#include <pthread.h>

int main(int argc, char** argv)
{
  (void)argv;
#ifndef pthread_create
  return ((int*)(&pthread_create))[argc];
#else
  (void)argc;
  return 0;
#endif
}

Determining if the function pthread_create exists in the pthreads failed with the following output:
Change Dir: /home/ddd/CLionProjects/untitled3/cmake-build-debug/CMakeFiles/CMakeTmp

Run Build Command:"/usr/bin/make" "cmTC_a5d9c/fast"
/usr/bin/make -f CMakeFiles/cmTC_a5d9c.dir/build.make CMakeFiles/cmTC_a5d9c.dir/build
make[1]: Entering directory '/home/ddd/CLionProjects/untitled3/cmake-build-debug/CMakeFiles/CMakeTmp'
Building C object CMakeFiles/cmTC_a5d9c.dir/CheckFunctionExists.c.o
/usr/bin/cc   -DCHECK_FUNCTION_EXISTS=pthread_create   -o CMakeFiles/cmTC_a5d9c.dir/CheckFunctionExists.c.o   -c /home/ddd/clion/clion-2018.1.2/bin/cmake/share/cmake-3.10/Modules/CheckFunctionExists.c
Linking C executable cmTC_a5d9c
/home/ddd/clion/clion-2018.1.2/bin/cmake/bin/cmake -E cmake_link_script CMakeFiles/cmTC_a5d9c.dir/link.txt --verbose=1
/usr/bin/cc  -DCHECK_FUNCTION_EXISTS=pthread_create    CMakeFiles/cmTC_a5d9c.dir/CheckFunctionExists.c.o  -o cmTC_a5d9c -lpthreads 
/usr/bin/ld: 找不到 -lpthreads
collect2: error: ld returned 1 exit status
CMakeFiles/cmTC_a5d9c.dir/build.make:97: recipe for target 'cmTC_a5d9c' failed
make[1]: *** [cmTC_a5d9c] Error 1
make[1]: Leaving directory '/home/ddd/CLionProjects/untitled3/cmake-build-debug/CMakeFiles/CMakeTmp'
Makefile:126: recipe for target 'cmTC_a5d9c/fast' failed
make: *** [cmTC_a5d9c/fast] Error 2


